This is pTeXk, Version 3.141592-p3.1.11 (euc) (Web2C 7.5.4) (format=platex 2012.8.31)  31 AUG 2012 22:20
 %&-line parsing enabled.
**EVA39IOT19-3.tex
(./EVA39IOT19-3.tex
pLaTeX2e <2006/11/10>+0 (based on LaTeX2e <2009/09/24> patch level 0)
(./ipsj.cls
Document Class: ipsj 2012/06/01 v1.03 IPSJ class
(/usr/share/texmf-texlive/tex/latex/graphics/color.sty
Package: color 2005/11/14 v1.0j Standard LaTeX Color (DPC)

(/etc/texmf/tex/latex/config/color.cfg
File: color.cfg 2007/01/18 v1.5 color configuration of teTeX/TeXLive
)
Package color Info: Driver file: dvips.def on input line 130.

(/usr/share/texmf-texlive/tex/latex/graphics/dvips.def
File: dvips.def 1999/02/16 v3.0i Driver-dependant file (DPC,SPQR)
)
(/usr/share/texmf-texlive/tex/latex/graphics/dvipsnam.def
File: dvipsnam.def 1999/02/16 v3.0i Driver-dependant file (DPC,SPQR)
))
\c@@paper=\count81
\h=\dimen118
\JQ=\dimen119
\Q=\dimen120
\@Q=\dimen121
\ChtE=\skip41
\CdpE=\skip42
\CwdE=\skip43
\CvsE=\skip44
\normalbaselineskip=\skip45
\c@volume=\count82
\c@number=\count83
\c@month=\count84
\c@year=\count85
\author@count=\count86
\label@count=\count87
\email@count=\count88
\affiliate@count=\count89
\offsetemail=\count90
\paffiliate@count=\count91
\shubetutitlesep=\skip46
\JEhonbunsep=\skip47
\Etitleauthorsep=\skip48
\Eauthorreceivesep=\skip49
\Ereceiveabstsep=\skip50
\Eabstkeywordsep=\skip51
\Jtitlejauthorsep=\skip52
\Jauthorjreceivesep=\skip53
\Jreceivejabstsep=\skip54
\Jabstsepjkeyword=\skip55
\Jkeywordetitle=\skip56
\Jetitleeauthor=\skip57
\Jeauthorereceivesep=\skip58
\Jereceiveeabstsep=\skip59
\Jeabstekeywordsep=\skip60
\@abstractbox=\box41
\@eabstractbox=\box42
\@jkeywordbox=\box43
\@ekeywordbox=\box44
\@keywordbox=\box45
\c@part=\count92
\c@section=\count93
\c@subsection=\count94
\c@subsubsection=\count95
\c@paragraph=\count96
\c@subparagraph=\count97
\@tempboxb=\box46
\SECTwd=\box47
\section@height=\skip61
\@abovecapskip=\dimen122
\@belowcapskip=\dimen123
\c@figure=\count98
\c@table=\count99
\abovecaptionskip=\skip62
\belowcaptionskip=\skip63
\@tempboxb=\box48
\capwidth=\dimen124
\ecapwidth=\dimen125
\bibindent=\dimen126
\c@profile=\count100
\mathindent=\dimen127
\@dummyfigbox=\box49
\twocolcapwidth=\dimen128
\twocolecapwidth=\dimen129
\@compare@result=\count101
 (./ipsjtech.sty
Document Class: ipsj 2012/06/01 v3.00 IPSJTECH.STY
)) (/usr/share/texmf-texlive/tex/latex/graphics/graphicx.sty
Package: graphicx 1999/02/16 v1.0f Enhanced LaTeX Graphics (DPC,SPQR)

(/usr/share/texmf-texlive/tex/latex/graphics/keyval.sty
Package: keyval 1999/03/16 v1.13 key=value parser (DPC)
\KV@toks@=\toks15
)
(/usr/share/texmf-texlive/tex/latex/graphics/graphics.sty
Package: graphics 2009/02/05 v1.0o Standard LaTeX Graphics (DPC,SPQR)

(/usr/share/texmf-texlive/tex/latex/graphics/trig.sty
Package: trig 1999/03/16 v1.09 sin cos tan (DPC)
)
(/etc/texmf/tex/latex/config/graphics.cfg
File: graphics.cfg 2009/08/28 v1.8 graphics configuration of TeX Live
)
Package graphics Info: Driver file: dvips.def on input line 91.
)
\Gin@req@height=\dimen130
\Gin@req@width=\dimen131
)
(/usr/share/texmf-texlive/tex/latex/base/latexsym.sty
Package: latexsym 1998/08/17 v2.2e Standard LaTeX package (lasy symbols)
\symlasy=\mathgroup4
LaTeX Font Info:    Overwriting symbol font `lasy' in version `bold'
(Font)                  U/lasy/m/n --> U/lasy/b/n on input line 47.
) (./EVA39IOT19-3.aux)
\openout1 = `EVA39IOT19-3.aux'.

LaTeX Font Info:    Checking defaults for OML/cmm/m/it on input line 26.
LaTeX Font Info:    ... okay on input line 26.
LaTeX Font Info:    Checking defaults for T1/cmr/m/n on input line 26.
LaTeX Font Info:    ... okay on input line 26.
LaTeX Font Info:    Checking defaults for OT1/cmr/m/n on input line 26.
LaTeX Font Info:    ... okay on input line 26.
LaTeX Font Info:    Checking defaults for OMS/cmsy/m/n on input line 26.
LaTeX Font Info:    ... okay on input line 26.
LaTeX Font Info:    Checking defaults for OMX/cmex/m/n on input line 26.
LaTeX Font Info:    ... okay on input line 26.
LaTeX Font Info:    Checking defaults for U/cmr/m/n on input line 26.
LaTeX Font Info:    ... okay on input line 26.
LaTeX Font Info:    Checking defaults for JY1/mc/m/n on input line 26.
LaTeX Font Info:    ... okay on input line 26.
LaTeX Font Info:    Checking defaults for JT1/mc/m/n on input line 26.
LaTeX Font Info:    ... okay on input line 26.
LaTeX Font Info:    Font shape `JT1/mc/bx/n' in size <8.8711> not available
(Font)              Font shape `JT1/gt/m/n' tried instead on input line 37.
LaTeX Font Info:    Font shape `JY1/mc/bx/n' in size <8.8711> not available
(Font)              Font shape `JY1/gt/m/n' tried instead on input line 37.
LaTeX Font Info:    Calculating math sizes for size <8.8711> on input line 40.
LaTeX Font Info:    Font shape `JT1/gt/bx/n' in size <19.2207> not available
(Font)              Font shape `JT1/gt/m/n' tried instead on input line 64.
LaTeX Font Info:    Font shape `JY1/gt/bx/n' in size <19.2207> not available
(Font)              Font shape `JY1/gt/m/n' tried instead on input line 64.
LaTeX Font Info:    Calculating math sizes for size <9.61035> on input line 64.

LaTeX Font Info:    Calculating math sizes for size <11.82813> on input line 64
.
LaTeX Font Info:    Calculating math sizes for size <8.13184> on input line 64.

LaTeX Font Info:    Font shape `JT1/mc/bx/n' in size <11.82813> not available
(Font)              Font shape `JT1/gt/m/n' tried instead on input line 67.
LaTeX Font Info:    Font shape `JY1/mc/bx/n' in size <11.82813> not available
(Font)              Font shape `JY1/gt/m/n' tried instead on input line 67.
LaTeX Font Info:    Font shape `JT1/mc/bx/n' in size <9.61035> not available
(Font)              Font shape `JT1/gt/m/n' tried instead on input line 97.
LaTeX Font Info:    Font shape `JY1/mc/bx/n' in size <9.61035> not available
(Font)              Font shape `JY1/gt/m/n' tried instead on input line 97.

Overfull \hbox (20.41833pt too wide) in paragraph at lines 129--130
[]\OT1/cmtt/m/n/8.8711 https://www.ipsj.or.jp/prms/author_pre_submit.do 
 []


Overfull \hbox (1.7893pt too wide) in paragraph at lines 135--137
[]\OT1/cmtt/m/n/8.8711 http://www.ipsj.or.jp/journal/submit/manual/
 []

(I search kanjifont definition file: . . ) (I search font definition file: . .
. . . . . )
LaTeX Font Info:    Try loading font information for OMS+txsy on input line 137
.
 (/usr/share/texmf-texlive/tex/latex/txfonts/omstxsy.fd
File: omstxsy.fd 2000/12/15 v3.1
)
LaTeX Font Info:    Try loading font information for OT1+txsy on input line 137
.
LaTeX Font Info:    No file OT1txsy.fd. on input line 137.


LaTeX Font Warning: Font shape `OT1/txsy/m/n' undefined
(Font)              using `OT1/cmr/m/n' instead on input line 137.

LaTeX Font Info:    Try loading font information for OT1+ptm on input line 137.

(/usr/share/texmf-texlive/tex/latex/psnfss/ot1ptm.fd
File: ot1ptm.fd 2001/06/04 font definitions for OT1/ptm.
) [1


]
LaTeX Font Info:    Font shape `JT1/mc/bx/n' in size <6.7272> not available
(Font)              Font shape `JT1/gt/m/n' tried instead on input line 157.
LaTeX Font Info:    Font shape `JY1/mc/bx/n' in size <6.7272> not available
(Font)              Font shape `JY1/gt/m/n' tried instead on input line 157.
 [2] [3]
LaTeX Font Info:    Font shape `JT1/mc/bx/n' in size <8.13184> not available
(Font)              Font shape `JT1/gt/m/n' tried instead on input line 456.
LaTeX Font Info:    Font shape `JY1/mc/bx/n' in size <8.13184> not available
(Font)              Font shape `JY1/gt/m/n' tried instead on input line 456.
LaTeX Font Info:    Font shape `JY1/mc/m/n' will be
(Font)              scaled to size 9.60999pt on input line 512.
 [4] [5]
[6]
LaTeX Font Info:    Font shape `JT1/mc/m/it' in size <8.8711> not available
(Font)              Font shape `JT1/gt/m/n' tried instead on input line 785.
LaTeX Font Info:    Font shape `JY1/mc/m/it' in size <8.8711> not available
(Font)              Font shape `JY1/gt/m/n' tried instead on input line 785.

Underfull \hbox (badness 7256) in paragraph at lines 856--859
[]\JY1/mc/m/n/9.61035 また英文論文作成の際には \OT1/cmtt/m/n/9.61035 english \J
Y1/mc/m/n/9.61035 をオ
 []


Underfull \hbox (badness 10000) in paragraph at lines 856--859
\JY1/mc/m/n/9.61035 プシ ョンに追加すればよい ． したが って ，
 []

[7] [8] (./EVA39IOT19-3.aux)

LaTeX Font Warning: Some font shapes were not available, defaults substituted.

 ) 
Here is how much of TeX's memory you used:
 1560 strings out of 257674
 20844 string characters out of 1191153
 73370 words of memory out of 3000000
 4730 multiletter control sequences out of 10000+50000
 34013 words of font info for 154 fonts, out of 2000000 for 2000
 14 hyphenation exceptions out of 8191
 30i,11n,22p,244b,713s stack positions out of 5000i,500n,6000p,200000b,40000s

Output written on EVA39IOT19-3.dvi (8 pages, 60708 bytes).
